[22:43:21.744] INFO   Testcases.BaseTest.setPrerequisites(BaseTest.java:27)                            - Log properties initialized
[22:43:21.754] INFO   DriverManager.DriverFactory.initDriver(DriverFactory.java:22)                    - BrowserType selected = chrome
[22:43:25.121] INFO   DriverManager.DriverFactory.initDriver(DriverFactory.java:40)                    - Browser set into threadlocal!
[22:43:25.121] INFO   DriverManager.DriverFactory.getCurrentDriver(DriverFactory.java:47)              - Getting current driver
[22:43:25.253] INFO   Testcases.BaseTest.browserOpen(BaseTest.java:33)                                 - Browser opened
[22:43:25.271] INFO   DriverManager.DriverFactory.getCurrentDriver(DriverFactory.java:47)              - Getting current driver
[22:43:25.273] INFO   Pages.LandingPage.open(LandingPage.java:54)                                      - Navingating to https://www.makemytrip.com
[22:43:25.274] INFO   Pages.BasePage.openPage(BasePage.java:33)                                        - Navigating to Page:: https://www.makemytrip.com
[22:43:25.274] INFO   EventListener.WebEventListener.beforeNavigateTo(WebEventListener.java:37)        - Trying to GoToURL to :: https://www.makemytrip.com
[22:43:37.270] INFO   EventListener.WebEventListener.afterNavigateTo(WebEventListener.java:42)         - Navigated to :: https://www.makemytrip.com
[22:43:37.292] INFO  TC:gotoHoteltabTest Listeners.CustomListener.onTestStart(CustomListener.java:18)                     - Strating testcase:gotoHoteltabTest
[22:43:37.293] INFO  TC:gotoHoteltabTest DriverManager.DriverFactory.getCurrentDriver(DriverFactory.java:47)              - Getting current driver
[22:43:37.295] INFO  TC:gotoHoteltabTest Pages.LandingPage.goToPagetab(LandingPage.java:65)                               - Clicking on menu: Hotels
[22:43:37.452] INFO  TC:gotoHoteltabTest EventListener.WebEventListener.beforeClickOn(WebEventListener.java:87)           - trying to Click on :: [[ChromeDriver: chrome on MAC (d926c4dcec5562e62f617164c565d5db)] -> xpath: //li[@class='menu_Hotels']]
[22:43:38.548] INFO  TC:gotoHoteltabTest EventListener.WebEventListener.onException(WebEventListener.java:127)            - Exception occured ::org.openqa.selenium.ElementClickInterceptedException: element click intercepted: Element <li data-cy="menu_Hotels" class="menu_Hotels">...</li> is not clickable at point (438, 126). Other element would receive the click: <div data-cy="outsideModal" class="loginModal displayBlock modalLogin dynHeight personal "></div>
  (Session info: chrome=92.0.4515.131)
Build info: version: '3.141.59', revision: 'e82be7d358', time: '2018-11-14T08:17:03'
System info: host: 'Anomitros-MacBook-Pro.local', ip: 'fe80:0:0:0:1423:50a1:62b2:c4fd%en0', os.name: 'Mac OS X', os.arch: 'x86_64', os.version: '10.16', java.version: '15.0.2'
Driver info: org.openqa.selenium.chrome.ChromeDriver
Capabilities {acceptInsecureCerts: false, browserName: chrome, browserVersion: 92.0.4515.131, chrome: {chromedriverVersion: 92.0.4515.107 (87a818b10553..., userDataDir: /var/folders/yw/tb84q1zn48z...}, goog:chromeOptions: {debuggerAddress: localhost:56425}, javascriptEnabled: true, networkConnectionEnabled: false, pageLoadStrategy: normal, platform: MAC, platformName: MAC, proxy: Proxy(), setWindowRect: true, strictFileInteractability: false, timeouts: {implicit: 0, pageLoad: 300000, script: 30000}, unhandledPromptBehavior: dismiss and notify, webauthn:extension:credBlob: true, webauthn:extension:largeBlob: true, webauthn:virtualAuthenticators: true}
Session ID: d926c4dcec5562e62f617164c565d5db
[22:43:38.548] INFO  TC:gotoHoteltabTest Pages.LandingPage.goToPagetab(LandingPage.java:71)                               - Popup found, clicking hotel menu link
[22:43:39.798] INFO  TC:gotoHoteltabTest EventListener.WebEventListener.beforeClickOn(WebEventListener.java:87)           - trying to Click on :: [[ChromeDriver: chrome on MAC (d926c4dcec5562e62f617164c565d5db)] -> xpath: //li[@class='menu_Hotels']]
[22:43:40.497] INFO  TC:gotoHoteltabTest EventListener.WebEventListener.afterClickOn(WebEventListener.java:92)            - Clicked on :: [[ChromeDriver: chrome on MAC (d926c4dcec5562e62f617164c565d5db)] -> xpath: //li[@class='menu_Hotels']]
[22:43:42.073] INFO  TC:gotoHoteltabTest Listeners.CustomListener.onTestSuccess(CustomListener.java:31)                   - Testcase executed successfully:: gotoHoteltabTest
[22:43:42.077] INFO  TC:enterLocationTest Listeners.CustomListener.onTestStart(CustomListener.java:18)                     - Strating testcase:enterLocationTest
[22:43:42.078] INFO  TC:enterLocationTest PageFlow.SearchConfigureFlow.enterLocation(SearchConfigureFlow.java:33)          - City to be entered entered :Agra
[22:43:42.152] INFO  TC:enterLocationTest EventListener.WebEventListener.beforeClickOn(WebEventListener.java:87)           - trying to Click on :: [[ChromeDriver: chrome on MAC (d926c4dcec5562e62f617164c565d5db)] -> xpath: //label[@for='city']]
[22:43:42.733] INFO  TC:enterLocationTest EventListener.WebEventListener.afterClickOn(WebEventListener.java:92)            - Clicked on :: [[ChromeDriver: chrome on MAC (d926c4dcec5562e62f617164c565d5db)] -> xpath: //label[@for='city']]
[22:43:44.055] INFO  TC:enterLocationTest PageFlow.SearchConfigureFlow.enterLocation(SearchConfigureFlow.java:35)          - City entered :Agra, Uttar Pradesh, Indi...
[22:43:44.056] INFO  TC:enterLocationTest Listeners.CustomListener.onTestSuccess(CustomListener.java:31)                   - Testcase executed successfully:: enterLocationTest
[22:43:44.057] INFO  TC:selectDates Listeners.CustomListener.onTestStart(CustomListener.java:18)                     - Strating testcase:selectDates
[22:43:44.057] INFO  TC:selectDates PageFlow.SearchConfigureFlow.enterDates(SearchConfigureFlow.java:42)             - Entering checkin and checkout dates
[22:43:44.120] INFO  TC:selectDates Pages.LandingPage.selectDate(LandingPage.java:93)                                - next date arrow displayed!
[22:43:44.168] INFO  TC:selectDates EventListener.WebEventListener.beforeClickOn(WebEventListener.java:87)           - trying to Click on :: [[ChromeDriver: chrome on MAC (d926c4dcec5562e62f617164c565d5db)] -> xpath: //div[@aria-label='Tue Sep 21 2021' and @aria-disabled='false']]
[22:43:44.448] INFO  TC:selectDates EventListener.WebEventListener.afterClickOn(WebEventListener.java:92)            - Clicked on :: [[ChromeDriver: chrome on MAC (d926c4dcec5562e62f617164c565d5db)] -> xpath: //div[@aria-label='Tue Sep 21 2021' and @aria-disabled='false']]
[22:43:44.554] INFO  TC:selectDates EventListener.WebEventListener.beforeClickOn(WebEventListener.java:87)           - trying to Click on :: [[ChromeDriver: chrome on MAC (d926c4dcec5562e62f617164c565d5db)] -> xpath: //div[@aria-label='Thu Sep 23 2021' and @aria-disabled='false']]
[22:43:45.006] INFO  TC:selectDates EventListener.WebEventListener.afterClickOn(WebEventListener.java:92)            - Clicked on :: [[ChromeDriver: chrome on MAC (d926c4dcec5562e62f617164c565d5db)] -> xpath: //div[@aria-label='Thu Sep 23 2021' and @aria-disabled='false']]
[22:43:45.053] INFO  TC:selectDates Listeners.CustomListener.onTestSuccess(CustomListener.java:31)                   - Testcase executed successfully:: selectDates
[22:43:45.054] INFO  TC:selectRoomsAndGuestsTest Listeners.CustomListener.onTestStart(CustomListener.java:18)                     - Strating testcase:selectRoomsAndGuestsTest
[22:43:45.054] INFO  TC:selectRoomsAndGuestsTest PageFlow.SearchConfigureFlow.enterRoomsAndGuests(SearchConfigureFlow.java:47)    - Entering ROoms ,guests and children
[22:43:45.078] INFO  TC:selectRoomsAndGuestsTest EventListener.WebEventListener.beforeClickOn(WebEventListener.java:87)           - trying to Click on :: [[ChromeDriver: chrome on MAC (d926c4dcec5562e62f617164c565d5db)] -> xpath: //p[contains(@data-cy,'roomGuestCount')]]
[22:43:45.286] INFO  TC:selectRoomsAndGuestsTest EventListener.WebEventListener.afterClickOn(WebEventListener.java:92)            - Clicked on :: [[ChromeDriver: chrome on MAC (d926c4dcec5562e62f617164c565d5db)] -> xpath: //p[contains(@data-cy,'roomGuestCount')]]
[22:43:45.313] INFO  TC:selectRoomsAndGuestsTest EventListener.WebEventListener.beforeClickOn(WebEventListener.java:87)           - trying to Click on :: [[ChromeDriver: chrome on MAC (d926c4dcec5562e62f617164c565d5db)] -> xpath: //ul[@data-cy='adultCount']/li[@data-cy='adults-4']]
[22:43:45.393] INFO  TC:selectRoomsAndGuestsTest EventListener.WebEventListener.afterClickOn(WebEventListener.java:92)            - Clicked on :: [[ChromeDriver: chrome on MAC (d926c4dcec5562e62f617164c565d5db)] -> xpath: //ul[@data-cy='adultCount']/li[@data-cy='adults-4']]
[22:43:45.414] INFO  TC:selectRoomsAndGuestsTest EventListener.WebEventListener.beforeClickOn(WebEventListener.java:87)           - trying to Click on :: [[ChromeDriver: chrome on MAC (d926c4dcec5562e62f617164c565d5db)] -> xpath: //li[@data-cy='children-3']]
[22:43:45.494] INFO  TC:selectRoomsAndGuestsTest EventListener.WebEventListener.afterClickOn(WebEventListener.java:92)            - Clicked on :: [[ChromeDriver: chrome on MAC (d926c4dcec5562e62f617164c565d5db)] -> xpath: //li[@data-cy='children-3']]
[22:43:45.576] INFO  TC:selectRoomsAndGuestsTest EventListener.WebEventListener.beforeClickOn(WebEventListener.java:87)           - trying to Click on :: [[[[ChromeDriver: chrome on MAC (d926c4dcec5562e62f617164c565d5db)] -> xpath: //ul[contains(@class,'childAgeList')]/li[1]/label/select]] -> xpath: .//option[normalize-space(.) = "3"]]
[22:43:45.641] INFO  TC:selectRoomsAndGuestsTest EventListener.WebEventListener.afterClickOn(WebEventListener.java:92)            - Clicked on :: [[[[ChromeDriver: chrome on MAC (d926c4dcec5562e62f617164c565d5db)] -> xpath: //ul[contains(@class,'childAgeList')]/li[1]/label/select]] -> xpath: .//option[normalize-space(.) = "3"]]
[22:43:45.693] INFO  TC:selectRoomsAndGuestsTest EventListener.WebEventListener.beforeClickOn(WebEventListener.java:87)           - trying to Click on :: [[[[ChromeDriver: chrome on MAC (d926c4dcec5562e62f617164c565d5db)] -> xpath: //ul[contains(@class,'childAgeList')]/li[2]/label/select]] -> xpath: .//option[normalize-space(.) = "1"]]
[22:43:45.743] INFO  TC:selectRoomsAndGuestsTest EventListener.WebEventListener.afterClickOn(WebEventListener.java:92)            - Clicked on :: [[[[ChromeDriver: chrome on MAC (d926c4dcec5562e62f617164c565d5db)] -> xpath: //ul[contains(@class,'childAgeList')]/li[2]/label/select]] -> xpath: .//option[normalize-space(.) = "1"]]
[22:43:45.803] INFO  TC:selectRoomsAndGuestsTest EventListener.WebEventListener.beforeClickOn(WebEventListener.java:87)           - trying to Click on :: [[[[ChromeDriver: chrome on MAC (d926c4dcec5562e62f617164c565d5db)] -> xpath: //ul[contains(@class,'childAgeList')]/li[3]/label/select]] -> xpath: .//option[normalize-space(.) = "2"]]
[22:43:45.854] INFO  TC:selectRoomsAndGuestsTest EventListener.WebEventListener.afterClickOn(WebEventListener.java:92)            - Clicked on :: [[[[ChromeDriver: chrome on MAC (d926c4dcec5562e62f617164c565d5db)] -> xpath: //ul[contains(@class,'childAgeList')]/li[3]/label/select]] -> xpath: .//option[normalize-space(.) = "2"]]
[22:43:45.885] INFO  TC:selectRoomsAndGuestsTest EventListener.WebEventListener.beforeClickOn(WebEventListener.java:87)           - trying to Click on :: [[ChromeDriver: chrome on MAC (d926c4dcec5562e62f617164c565d5db)] -> xpath: //button[contains(@data-cy,'submitGuest')]]
[22:43:46.032] INFO  TC:selectRoomsAndGuestsTest EventListener.WebEventListener.afterClickOn(WebEventListener.java:92)            - Clicked on :: [[ChromeDriver: chrome on MAC (d926c4dcec5562e62f617164c565d5db)] -> xpath: //button[contains(@data-cy,'submitGuest')]]
[22:43:46.032] INFO  TC:selectRoomsAndGuestsTest Listeners.CustomListener.onTestSuccess(CustomListener.java:31)                   - Testcase executed successfully:: selectRoomsAndGuestsTest
[22:43:46.033] INFO  TC:selectTravelFor Listeners.CustomListener.onTestStart(CustomListener.java:18)                     - Strating testcase:selectTravelFor
[22:43:46.060] INFO  TC:selectTravelFor EventListener.WebEventListener.beforeClickOn(WebEventListener.java:87)           - trying to Click on :: [[ChromeDriver: chrome on MAC (d926c4dcec5562e62f617164c565d5db)] -> xpath: //div[contains(@class,'travelFor')]]
[22:43:46.383] INFO  TC:selectTravelFor EventListener.WebEventListener.afterClickOn(WebEventListener.java:92)            - Clicked on :: [[ChromeDriver: chrome on MAC (d926c4dcec5562e62f617164c565d5db)] -> xpath: //div[contains(@class,'travelFor')]]
[22:43:46.456] INFO  TC:selectTravelFor EventListener.WebEventListener.beforeClickOn(WebEventListener.java:87)           - trying to Click on :: [[ChromeDriver: chrome on MAC (d926c4dcec5562e62f617164c565d5db)] -> xpath: //li[@data-cy='travelFor-Work']]
[22:43:46.553] INFO  TC:selectTravelFor EventListener.WebEventListener.afterClickOn(WebEventListener.java:92)            - Clicked on :: [[ChromeDriver: chrome on MAC (d926c4dcec5562e62f617164c565d5db)] -> xpath: //li[@data-cy='travelFor-Work']]
[22:43:46.553] INFO  TC:selectTravelFor Listeners.CustomListener.onTestSuccess(CustomListener.java:31)                   - Testcase executed successfully:: selectTravelFor
[22:43:46.554] INFO  TC:enterSearch Listeners.CustomListener.onTestStart(CustomListener.java:18)                     - Strating testcase:enterSearch
[22:43:46.581] INFO  TC:enterSearch EventListener.WebEventListener.beforeClickOn(WebEventListener.java:87)           - trying to Click on :: [[ChromeDriver: chrome on MAC (d926c4dcec5562e62f617164c565d5db)] -> xpath: //button[text()='Search']]
[22:43:53.010] INFO  TC:enterSearch EventListener.WebEventListener.afterClickOn(WebEventListener.java:92)            - Clicked on :: [[ChromeDriver: chrome on MAC (d926c4dcec5562e62f617164c565d5db)] -> xpath: //button[text()='Search']]
[22:43:53.056] INFO  TC:enterSearch Listeners.CustomListener.onTestSuccess(CustomListener.java:31)                   - Testcase executed successfully:: enterSearch
[22:43:53.062] INFO  TC:checkSearchCriteriaTest Listeners.CustomListener.onTestStart(CustomListener.java:18)                     - Strating testcase:checkSearchCriteriaTest
[22:43:53.065] INFO  TC:checkSearchCriteriaTest DriverManager.DriverFactory.getCurrentDriver(DriverFactory.java:47)              - Getting current driver
[22:43:53.065] INFO  TC:checkSearchCriteriaTest PageFlow.SearchListingFlow.assertSearchCriteria(SearchListingFlow.java:28)       - Printing details from application
[22:43:53.345] INFO  TC:checkSearchCriteriaTest PageFlow.SearchListingFlow.assertSearchCriteria(SearchListingFlow.java:33)       - Location from app:Agra, Uttar Pradesh,...
[22:43:53.345] INFO  TC:checkSearchCriteriaTest PageFlow.SearchListingFlow.assertSearchCriteria(SearchListingFlow.java:34)       - CheckInDate from app:Tue, 21 Sep 2021
[22:43:53.345] INFO  TC:checkSearchCriteriaTest PageFlow.SearchListingFlow.assertSearchCriteria(SearchListingFlow.java:35)       - checkOutDateInApp from app:Thu, 23 Sep 2021
[22:43:53.346] INFO  TC:checkSearchCriteriaTest PageFlow.SearchListingFlow.assertSearchCriteria(SearchListingFlow.java:36)       - GuestsInApp from app:1 Room, 4 Adults, 3 Children
[22:43:53.346] INFO  TC:checkSearchCriteriaTest PageFlow.SearchListingFlow.assertSearchCriteria(SearchListingFlow.java:39)       - Printing details which user gave
[22:43:53.350] INFO  TC:checkSearchCriteriaTest PageFlow.SearchListingFlow.assertSearchCriteria(SearchListingFlow.java:54)       - Location by user:Agra
[22:43:53.350] INFO  TC:checkSearchCriteriaTest PageFlow.SearchListingFlow.assertSearchCriteria(SearchListingFlow.java:55)       - CheckInDate by user:Tue, 21 Sep 2021
[22:43:53.350] INFO  TC:checkSearchCriteriaTest PageFlow.SearchListingFlow.assertSearchCriteria(SearchListingFlow.java:56)       - checkOutDateInApp by user:Thu, 23 Sep 2021
[22:43:53.351] INFO  TC:checkSearchCriteriaTest PageFlow.SearchListingFlow.assertSearchCriteria(SearchListingFlow.java:57)       - GuestsInApp by user:1 Room, 4 Adults, 3 Children
[22:43:53.353] INFO  TC:checkSearchCriteriaTest Listeners.CustomListener.onTestSuccess(CustomListener.java:31)                   - Testcase executed successfully:: checkSearchCriteriaTest
[22:43:53.354] INFO  TC:setAndVerifyFilterTest Listeners.CustomListener.onTestStart(CustomListener.java:18)                     - Strating testcase:setAndVerifyFilterTest
[22:43:55.191] INFO  TC:setAndVerifyFilterTest EventListener.WebEventListener.beforeGetText(WebEventListener.java:142)          - trying to getting text on [[ChromeDriver: chrome on MAC (d926c4dcec5562e62f617164c565d5db)] -> xpath: //span[@class='maxValue']]
[22:43:55.219] INFO  TC:setAndVerifyFilterTest EventListener.WebEventListener.afterGetText(WebEventListener.java:147)           - Getting text on [[ChromeDriver: chrome on MAC (d926c4dcec5562e62f617164c565d5db)] -> xpath: //span[@class='maxValue']] :: ₹ 5000
[22:43:55.241] INFO  TC:setAndVerifyFilterTest EventListener.WebEventListener.beforeGetText(WebEventListener.java:142)          - trying to getting text on [[ChromeDriver: chrome on MAC (d926c4dcec5562e62f617164c565d5db)] -> xpath: //span[@class='maxValue']]
[22:43:55.254] INFO  TC:setAndVerifyFilterTest EventListener.WebEventListener.afterGetText(WebEventListener.java:147)           - Getting text on [[ChromeDriver: chrome on MAC (d926c4dcec5562e62f617164c565d5db)] -> xpath: //span[@class='maxValue']] :: ₹ 5000
[22:43:58.239] INFO  TC:setAndVerifyFilterTest EventListener.WebEventListener.beforeGetText(WebEventListener.java:142)          - trying to getting text on [[ChromeDriver: chrome on MAC (d926c4dcec5562e62f617164c565d5db)] -> xpath: //span[@class='minValue']]
[22:43:58.252] INFO  TC:setAndVerifyFilterTest EventListener.WebEventListener.afterGetText(WebEventListener.java:147)           - Getting text on [[ChromeDriver: chrome on MAC (d926c4dcec5562e62f617164c565d5db)] -> xpath: //span[@class='minValue']] :: ₹ 1500
[22:43:58.297] INFO  TC:setAndVerifyFilterTest EventListener.WebEventListener.beforeGetText(WebEventListener.java:142)          - trying to getting text on [[ChromeDriver: chrome on MAC (d926c4dcec5562e62f617164c565d5db)] -> xpath: //span[@class='minValue']]
[22:43:58.305] INFO  TC:setAndVerifyFilterTest EventListener.WebEventListener.afterGetText(WebEventListener.java:147)           - Getting text on [[ChromeDriver: chrome on MAC (d926c4dcec5562e62f617164c565d5db)] -> xpath: //span[@class='minValue']] :: ₹ 1500
[22:43:58.481] INFO  TC:setAndVerifyFilterTest EventListener.WebEventListener.beforeGetText(WebEventListener.java:142)          - trying to getting text on [[ChromeDriver: chrome on MAC (d926c4dcec5562e62f617164c565d5db)] -> xpath: //div[@id='USER_RATING']//ul[contains(@class,'filterList')]/li]
[22:43:58.500] INFO  TC:setAndVerifyFilterTest EventListener.WebEventListener.afterGetText(WebEventListener.java:147)           - Getting text on [[ChromeDriver: chrome on MAC (d926c4dcec5562e62f617164c565d5db)] -> xpath: //div[@id='USER_RATING']//ul[contains(@class,'filterList')]/li] :: 4.5 & above (Excellent)
(20)
[22:43:58.502] INFO  TC:setAndVerifyFilterTest EventListener.WebEventListener.beforeGetText(WebEventListener.java:142)          - trying to getting text on [[ChromeDriver: chrome on MAC (d926c4dcec5562e62f617164c565d5db)] -> xpath: //div[@id='USER_RATING']//ul[contains(@class,'filterList')]/li]
[22:43:58.515] INFO  TC:setAndVerifyFilterTest EventListener.WebEventListener.afterGetText(WebEventListener.java:147)           - Getting text on [[ChromeDriver: chrome on MAC (d926c4dcec5562e62f617164c565d5db)] -> xpath: //div[@id='USER_RATING']//ul[contains(@class,'filterList')]/li] :: 4 & above (Very Good)
(44)
[22:43:58.517] INFO  TC:setAndVerifyFilterTest EventListener.WebEventListener.beforeClickOn(WebEventListener.java:87)           - trying to Click on :: [[ChromeDriver: chrome on MAC (d926c4dcec5562e62f617164c565d5db)] -> xpath: //div[@id='USER_RATING']//ul[contains(@class,'filterList')]/li]
[22:43:59.743] INFO  TC:setAndVerifyFilterTest EventListener.WebEventListener.afterClickOn(WebEventListener.java:92)            - Clicked on :: [[ChromeDriver: chrome on MAC (d926c4dcec5562e62f617164c565d5db)] -> xpath: //div[@id='USER_RATING']//ul[contains(@class,'filterList')]/li]
[22:43:59.744] INFO  TC:setAndVerifyFilterTest EventListener.WebEventListener.beforeGetText(WebEventListener.java:142)          - trying to getting text on [[ChromeDriver: chrome on MAC (d926c4dcec5562e62f617164c565d5db)] -> xpath: //div[@id='USER_RATING']//ul[contains(@class,'filterList')]/li]
[22:43:59.756] INFO  TC:setAndVerifyFilterTest EventListener.WebEventListener.afterGetText(WebEventListener.java:147)           - Getting text on [[ChromeDriver: chrome on MAC (d926c4dcec5562e62f617164c565d5db)] -> xpath: //div[@id='USER_RATING']//ul[contains(@class,'filterList')]/li] :: 3 & above (Good)
(126)
[22:43:59.766] INFO  TC:setAndVerifyFilterTest Pages.SearchListing.verifyFilters(SearchListing.java:103)                        - [[[ChromeDriver: chrome on MAC (d926c4dcec5562e62f617164c565d5db)] -> xpath: //ul[contains(@class,'appliedFilters')]/li], [[ChromeDriver: chrome on MAC (d926c4dcec5562e62f617164c565d5db)] -> xpath: //ul[contains(@class,'appliedFilters')]/li]]
[22:43:59.768] INFO  TC:setAndVerifyFilterTest EventListener.WebEventListener.beforeGetText(WebEventListener.java:142)          - trying to getting text on [[ChromeDriver: chrome on MAC (d926c4dcec5562e62f617164c565d5db)] -> xpath: //ul[contains(@class,'appliedFilters')]/li]
[22:43:59.778] INFO  TC:setAndVerifyFilterTest EventListener.WebEventListener.afterGetText(WebEventListener.java:147)           - Getting text on [[ChromeDriver: chrome on MAC (d926c4dcec5562e62f617164c565d5db)] -> xpath: //ul[contains(@class,'appliedFilters')]/li] :: ₹ 1500-5000
[22:43:59.783] INFO  TC:setAndVerifyFilterTest EventListener.WebEventListener.beforeGetText(WebEventListener.java:142)          - trying to getting text on [[ChromeDriver: chrome on MAC (d926c4dcec5562e62f617164c565d5db)] -> xpath: //ul[contains(@class,'appliedFilters')]/li]
[22:43:59.802] INFO  TC:setAndVerifyFilterTest EventListener.WebEventListener.afterGetText(WebEventListener.java:147)           - Getting text on [[ChromeDriver: chrome on MAC (d926c4dcec5562e62f617164c565d5db)] -> xpath: //ul[contains(@class,'appliedFilters')]/li] :: ₹ 1500-5000
[22:43:59.804] INFO  TC:setAndVerifyFilterTest EventListener.WebEventListener.beforeGetText(WebEventListener.java:142)          - trying to getting text on [[ChromeDriver: chrome on MAC (d926c4dcec5562e62f617164c565d5db)] -> xpath: //ul[contains(@class,'appliedFilters')]/li]
[22:43:59.810] INFO  TC:setAndVerifyFilterTest EventListener.WebEventListener.afterGetText(WebEventListener.java:147)           - Getting text on [[ChromeDriver: chrome on MAC (d926c4dcec5562e62f617164c565d5db)] -> xpath: //ul[contains(@class,'appliedFilters')]/li] :: ₹ 1500-5000
[22:43:59.811] INFO  TC:setAndVerifyFilterTest EventListener.WebEventListener.beforeGetText(WebEventListener.java:142)          - trying to getting text on [[ChromeDriver: chrome on MAC (d926c4dcec5562e62f617164c565d5db)] -> xpath: //ul[contains(@class,'appliedFilters')]/li]
[22:43:59.840] INFO  TC:setAndVerifyFilterTest EventListener.WebEventListener.afterGetText(WebEventListener.java:147)           - Getting text on [[ChromeDriver: chrome on MAC (d926c4dcec5562e62f617164c565d5db)] -> xpath: //ul[contains(@class,'appliedFilters')]/li] :: ₹ 1500-5000
[22:43:59.840] INFO  TC:setAndVerifyFilterTest Pages.SearchListing.verifyFilters(SearchListing.java:109)                        - filter->₹ 1500-5000
[22:43:59.841] INFO  TC:setAndVerifyFilterTest EventListener.WebEventListener.beforeGetText(WebEventListener.java:142)          - trying to getting text on [[ChromeDriver: chrome on MAC (d926c4dcec5562e62f617164c565d5db)] -> xpath: //ul[contains(@class,'appliedFilters')]/li]
[22:43:59.852] INFO  TC:setAndVerifyFilterTest EventListener.WebEventListener.afterGetText(WebEventListener.java:147)           - Getting text on [[ChromeDriver: chrome on MAC (d926c4dcec5562e62f617164c565d5db)] -> xpath: //ul[contains(@class,'appliedFilters')]/li] :: 4 & above (Very Good)
[22:43:59.853] INFO  TC:setAndVerifyFilterTest EventListener.WebEventListener.beforeGetText(WebEventListener.java:142)          - trying to getting text on [[ChromeDriver: chrome on MAC (d926c4dcec5562e62f617164c565d5db)] -> xpath: //ul[contains(@class,'appliedFilters')]/li]
[22:43:59.860] INFO  TC:setAndVerifyFilterTest EventListener.WebEventListener.afterGetText(WebEventListener.java:147)           - Getting text on [[ChromeDriver: chrome on MAC (d926c4dcec5562e62f617164c565d5db)] -> xpath: //ul[contains(@class,'appliedFilters')]/li] :: 4 & above (Very Good)
[22:43:59.861] INFO  TC:setAndVerifyFilterTest EventListener.WebEventListener.beforeGetText(WebEventListener.java:142)          - trying to getting text on [[ChromeDriver: chrome on MAC (d926c4dcec5562e62f617164c565d5db)] -> xpath: //ul[contains(@class,'appliedFilters')]/li]
[22:43:59.871] INFO  TC:setAndVerifyFilterTest EventListener.WebEventListener.afterGetText(WebEventListener.java:147)           - Getting text on [[ChromeDriver: chrome on MAC (d926c4dcec5562e62f617164c565d5db)] -> xpath: //ul[contains(@class,'appliedFilters')]/li] :: 4 & above (Very Good)
[22:43:59.871] INFO  TC:setAndVerifyFilterTest Pages.SearchListing.verifyFilters(SearchListing.java:109)                        - filter->4 & above (Very Good)
[22:43:59.873] INFO  TC:setAndVerifyFilterTest Listeners.CustomListener.onTestSuccess(CustomListener.java:31)                   - Testcase executed successfully:: setAndVerifyFilterTest
[22:43:59.876] INFO  TC:selectHotelTest Listeners.CustomListener.onTestStart(CustomListener.java:18)                     - Strating testcase:selectHotelTest
[22:43:59.895] INFO  TC:selectHotelTest EventListener.WebEventListener.onException(WebEventListener.java:127)            - Exception occured ::org.openqa.selenium.NoSuchElementException: no such element: Unable to locate element: {"method":"xpath","selector":"//div[contains(@id,'Listing_hotel')]"}
  (Session info: chrome=92.0.4515.131)
For documentation on this error, please visit: https://www.seleniumhq.org/exceptions/no_such_element.html
Build info: version: '3.141.59', revision: 'e82be7d358', time: '2018-11-14T08:17:03'
System info: host: 'Anomitros-MacBook-Pro.local', ip: 'fe80:0:0:0:1423:50a1:62b2:c4fd%en0', os.name: 'Mac OS X', os.arch: 'x86_64', os.version: '10.16', java.version: '15.0.2'
Driver info: org.openqa.selenium.chrome.ChromeDriver
Capabilities {acceptInsecureCerts: false, browserName: chrome, browserVersion: 92.0.4515.131, chrome: {chromedriverVersion: 92.0.4515.107 (87a818b10553..., userDataDir: /var/folders/yw/tb84q1zn48z...}, goog:chromeOptions: {debuggerAddress: localhost:56425}, javascriptEnabled: true, networkConnectionEnabled: false, pageLoadStrategy: normal, platform: MAC, platformName: MAC, proxy: Proxy(), setWindowRect: true, strictFileInteractability: false, timeouts: {implicit: 0, pageLoad: 300000, script: 30000}, unhandledPromptBehavior: dismiss and notify, webauthn:extension:credBlob: true, webauthn:extension:largeBlob: true, webauthn:virtualAuthenticators: true}
Session ID: d926c4dcec5562e62f617164c565d5db
*** Element info: {Using=xpath, value=//div[contains(@id,'Listing_hotel')]}
[22:44:00.414] INFO  TC:selectHotelTest EventListener.WebEventListener.onException(WebEventListener.java:127)            - Exception occured ::org.openqa.selenium.NoSuchElementException: no such element: Unable to locate element: {"method":"xpath","selector":"//div[contains(@id,'Listing_hotel')]"}
  (Session info: chrome=92.0.4515.131)
For documentation on this error, please visit: https://www.seleniumhq.org/exceptions/no_such_element.html
Build info: version: '3.141.59', revision: 'e82be7d358', time: '2018-11-14T08:17:03'
System info: host: 'Anomitros-MacBook-Pro.local', ip: 'fe80:0:0:0:1423:50a1:62b2:c4fd%en0', os.name: 'Mac OS X', os.arch: 'x86_64', os.version: '10.16', java.version: '15.0.2'
Driver info: org.openqa.selenium.chrome.ChromeDriver
Capabilities {acceptInsecureCerts: false, browserName: chrome, browserVersion: 92.0.4515.131, chrome: {chromedriverVersion: 92.0.4515.107 (87a818b10553..., userDataDir: /var/folders/yw/tb84q1zn48z...}, goog:chromeOptions: {debuggerAddress: localhost:56425}, javascriptEnabled: true, networkConnectionEnabled: false, pageLoadStrategy: normal, platform: MAC, platformName: MAC, proxy: Proxy(), setWindowRect: true, strictFileInteractability: false, timeouts: {implicit: 0, pageLoad: 300000, script: 30000}, unhandledPromptBehavior: dismiss and notify, webauthn:extension:credBlob: true, webauthn:extension:largeBlob: true, webauthn:virtualAuthenticators: true}
Session ID: d926c4dcec5562e62f617164c565d5db
*** Element info: {Using=xpath, value=//div[contains(@id,'Listing_hotel')]}
[22:44:00.933] INFO  TC:selectHotelTest EventListener.WebEventListener.onException(WebEventListener.java:127)            - Exception occured ::org.openqa.selenium.NoSuchElementException: no such element: Unable to locate element: {"method":"xpath","selector":"//div[contains(@id,'Listing_hotel')]"}
  (Session info: chrome=92.0.4515.131)
For documentation on this error, please visit: https://www.seleniumhq.org/exceptions/no_such_element.html
Build info: version: '3.141.59', revision: 'e82be7d358', time: '2018-11-14T08:17:03'
System info: host: 'Anomitros-MacBook-Pro.local', ip: 'fe80:0:0:0:1423:50a1:62b2:c4fd%en0', os.name: 'Mac OS X', os.arch: 'x86_64', os.version: '10.16', java.version: '15.0.2'
Driver info: org.openqa.selenium.chrome.ChromeDriver
Capabilities {acceptInsecureCerts: false, browserName: chrome, browserVersion: 92.0.4515.131, chrome: {chromedriverVersion: 92.0.4515.107 (87a818b10553..., userDataDir: /var/folders/yw/tb84q1zn48z...}, goog:chromeOptions: {debuggerAddress: localhost:56425}, javascriptEnabled: true, networkConnectionEnabled: false, pageLoadStrategy: normal, platform: MAC, platformName: MAC, proxy: Proxy(), setWindowRect: true, strictFileInteractability: false, timeouts: {implicit: 0, pageLoad: 300000, script: 30000}, unhandledPromptBehavior: dismiss and notify, webauthn:extension:credBlob: true, webauthn:extension:largeBlob: true, webauthn:virtualAuthenticators: true}
Session ID: d926c4dcec5562e62f617164c565d5db
*** Element info: {Using=xpath, value=//div[contains(@id,'Listing_hotel')]}
[22:44:01.448] INFO  TC:selectHotelTest EventListener.WebEventListener.onException(WebEventListener.java:127)            - Exception occured ::org.openqa.selenium.NoSuchElementException: no such element: Unable to locate element: {"method":"xpath","selector":"//div[contains(@id,'Listing_hotel')]"}
  (Session info: chrome=92.0.4515.131)
For documentation on this error, please visit: https://www.seleniumhq.org/exceptions/no_such_element.html
Build info: version: '3.141.59', revision: 'e82be7d358', time: '2018-11-14T08:17:03'
System info: host: 'Anomitros-MacBook-Pro.local', ip: 'fe80:0:0:0:1423:50a1:62b2:c4fd%en0', os.name: 'Mac OS X', os.arch: 'x86_64', os.version: '10.16', java.version: '15.0.2'
Driver info: org.openqa.selenium.chrome.ChromeDriver
Capabilities {acceptInsecureCerts: false, browserName: chrome, browserVersion: 92.0.4515.131, chrome: {chromedriverVersion: 92.0.4515.107 (87a818b10553..., userDataDir: /var/folders/yw/tb84q1zn48z...}, goog:chromeOptions: {debuggerAddress: localhost:56425}, javascriptEnabled: true, networkConnectionEnabled: false, pageLoadStrategy: normal, platform: MAC, platformName: MAC, proxy: Proxy(), setWindowRect: true, strictFileInteractability: false, timeouts: {implicit: 0, pageLoad: 300000, script: 30000}, unhandledPromptBehavior: dismiss and notify, webauthn:extension:credBlob: true, webauthn:extension:largeBlob: true, webauthn:virtualAuthenticators: true}
Session ID: d926c4dcec5562e62f617164c565d5db
*** Element info: {Using=xpath, value=//div[contains(@id,'Listing_hotel')]}
[22:44:02.242] INFO  TC:selectHotelTest EventListener.WebEventListener.beforeGetText(WebEventListener.java:142)          - trying to getting text on [[ChromeDriver: chrome on MAC (d926c4dcec5562e62f617164c565d5db)] -> xpath: //div[@id='Listing_hotel_4']/a//p[contains(@id,'hotel_name')]/span[1]]
[22:44:02.251] INFO  TC:selectHotelTest EventListener.WebEventListener.afterGetText(WebEventListener.java:147)           - Getting text on [[ChromeDriver: chrome on MAC (d926c4dcec5562e62f617164c565d5db)] -> xpath: //div[@id='Listing_hotel_4']/a//p[contains(@id,'hotel_name')]/span[1]] :: Capital O 62878 Comfort Enn
[22:44:02.271] INFO  TC:selectHotelTest EventListener.WebEventListener.beforeClickOn(WebEventListener.java:87)           - trying to Click on :: [[ChromeDriver: chrome on MAC (d926c4dcec5562e62f617164c565d5db)] -> xpath: //div[@id='Listing_hotel_4']/a//p[contains(@id,'hotel_name')]/span[1]]
[22:44:02.712] INFO  TC:selectHotelTest EventListener.WebEventListener.afterClickOn(WebEventListener.java:92)            - Clicked on :: [[ChromeDriver: chrome on MAC (d926c4dcec5562e62f617164c565d5db)] -> xpath: //div[@id='Listing_hotel_4']/a//p[contains(@id,'hotel_name')]/span[1]]
[22:44:02.713] INFO  TC:selectHotelTest Pages.SearchListing.getHotelDetails(SearchListing.java:141)                      - Hotel Name :Capital O 62878 Comfort Enn
[22:44:02.724] INFO  TC:selectHotelTest EventListener.WebEventListener.beforeSwitchToWindow(WebEventListener.java:117)   - Trying to switch to wimndow :: CDwindow-BBCA0E618F3012098D48549620F7627B
[22:44:02.737] INFO  TC:selectHotelTest EventListener.WebEventListener.afterSwitchToWindow(WebEventListener.java:122)    - Swtched to wimndow :: CDwindow-BBCA0E618F3012098D48549620F7627B
[22:44:02.739] INFO  TC:selectHotelTest Pages.SearchListing.switchWindowTab(SearchListing.java:153)                      - Capital O 62878 Comfort Enn
[22:44:10.351] INFO  TC:selectHotelTest Listeners.CustomListener.onTestSuccess(CustomListener.java:31)                   - Testcase executed successfully:: selectHotelTest
